  [1m[35m (0.5ms)[0m  [1m[35mCREATE TABLE "schema_migrations" ("version" varchar NOT NULL PRIMARY KEY)[0m
  [1m[35m (0.1ms)[0m  [1m[35mCREATE TABLE "ar_internal_metadata" ("key" varchar NOT NULL PRIMARY KEY, "value" varchar, "created_at" datetime(6) NOT NULL, "updated_at" datetime(6) NOT NULL)[0m
  [1m[36mActiveRecord::InternalMetadata Load (0.0ms)[0m  [1m[34mSELECT * FROM "ar_internal_metadata" WHERE "ar_internal_metadata"."key" = ? ORDER BY "ar_internal_metadata"."key" ASC LIMIT 1[0m  [[nil, "environment"]]
  [1m[36mActiveRecord::InternalMetadata Create (0.1ms)[0m  [1m[32mINSERT INTO "ar_internal_metadata" ("key", "value", "created_at", "updated_at") VALUES ('environment', 'development', '2024-03-27 06:21:12.476212', '2024-03-27 06:21:12.476214') RETURNING "key"[0m
  [1m[36mActiveRecord::SchemaMigration Load (0.0ms)[0m  [1m[34mSELECT "schema_migrations"."version" FROM "schema_migrations" ORDER BY "schema_migrations"."version" ASC[0m
Migrating to DeviseCreateUsers (20240327062005)
  [1m[36mTRANSACTION (0.0ms)[0m  [1m[36mbegin transaction[0m
  [1m[35m (0.4ms)[0m  [1m[35mCREATE TABLE "users" ("id" integer PRIMARY KEY AUTOINCREMENT NOT NULL, "email" varchar DEFAULT '' NOT NULL, "encrypted_password" varchar DEFAULT '' NOT NULL, "reset_password_token" varchar, "reset_password_sent_at" datetime(6), "remember_created_at" datetime(6), "created_at" datetime(6) NOT NULL, "updated_at" datetime(6) NOT NULL)[0m
  [1m[35m (0.0ms)[0m  [1m[35mCREATE UNIQUE INDEX "index_users_on_email" ON "users" ("email")[0m
  [1m[35m (0.0ms)[0m  [1m[35mCREATE UNIQUE INDEX "index_users_on_reset_password_token" ON "users" ("reset_password_token")[0m
  [1m[36mActiveRecord::SchemaMigration Create (0.0ms)[0m  [1m[32mINSERT INTO "schema_migrations" ("version") VALUES ('20240327062005') RETURNING "version"[0m
  [1m[36mTRANSACTION (0.1ms)[0m  [1m[36mcommit transaction[0m
  [1m[36mActiveRecord::SchemaMigration Load (0.0ms)[0m  [1m[34mSELECT "schema_migrations"."version" FROM "schema_migrations" ORDER BY "schema_migrations"."version" ASC[0m
Started GET "/" for ::1 at 2024-03-27 13:26:53 +0700
  [1m[36mActiveRecord::SchemaMigration Load (0.1ms)[0m  [1m[34mSELECT "schema_migrations"."version" FROM "schema_migrations" ORDER BY "schema_migrations"."version" ASC[0m
  
ActionController::RoutingError (uninitialized constant HomeController):
  
Started GET "/" for ::1 at 2024-03-27 13:28:22 +0700
  
ActionController::RoutingError (uninitialized constant HomeController):
  
Started GET "/" for ::1 at 2024-03-27 13:32:59 +0700
  
ActionController::RoutingError (uninitialized constant HomeController):
  
Started GET "/" for ::1 at 2024-03-27 13:35:13 +0700
  
ActionController::RoutingError (uninitialized constant HomeController):
  
Started GET "/" for ::1 at 2024-03-27 13:37:59 +0700
  
ActionController::RoutingError (uninitialized constant HomeController):
  
Started GET "/" for ::1 at 2024-03-27 13:37:59 +0700
  
ActionController::RoutingError (uninitialized constant HomeController):
  
Started GET "/" for ::1 at 2024-03-27 13:38:02 +0700
  
ActionController::RoutingError (uninitialized constant HomeController):
  
Started GET "/" for ::1 at 2024-03-27 13:38:45 +0700
  
ActionController::RoutingError (uninitialized constant HomeController):
  
Started GET "/" for ::1 at 2024-03-27 13:39:38 +0700
  [1m[36mActiveRecord::SchemaMigration Load (0.0ms)[0m  [1m[34mSELECT "schema_migrations"."version" FROM "schema_migrations" ORDER BY "schema_migrations"."version" ASC[0m
  
ActionController::RoutingError (uninitialized constant HomeController):
  
Started GET "/" for ::1 at 2024-03-27 13:39:39 +0700
  
ActionController::RoutingError (uninitialized constant HomeController):
  
Started GET "/" for ::1 at 2024-03-27 13:41:42 +0700
  
ActionController::RoutingError (uninitialized constant HomeController):
  
Started GET "/" for ::1 at 2024-03-27 13:42:15 +0700
  
ActionController::RoutingError (uninitialized constant HomeController):
  
Started GET "/" for ::1 at 2024-03-27 13:42:16 +0700
  
ActionController::RoutingError (uninitialized constant HomeController):
  
Started GET "/" for ::1 at 2024-03-27 13:42:21 +0700
Processing by Rails::WelcomeController#index as HTML
  Rendering /Users/nhuthq/.rbenv/versions/3.2.2/lib/ruby/gems/3.2.0/gems/railties-7.1.3.2/lib/rails/templates/rails/welcome/index.html.erb
  Rendered /Users/nhuthq/.rbenv/versions/3.2.2/lib/ruby/gems/3.2.0/gems/railties-7.1.3.2/lib/rails/templates/rails/welcome/index.html.erb (Duration: 0.4ms | Allocations: 274)
Completed 200 OK in 9ms (Views: 1.0ms | ActiveRecord: 0.0ms | Allocations: 2626)


Started GET "/" for ::1 at 2024-03-27 13:42:21 +0700
Processing by Rails::WelcomeController#index as HTML
  Rendering /Users/nhuthq/.rbenv/versions/3.2.2/lib/ruby/gems/3.2.0/gems/railties-7.1.3.2/lib/rails/templates/rails/welcome/index.html.erb
  Rendered /Users/nhuthq/.rbenv/versions/3.2.2/lib/ruby/gems/3.2.0/gems/railties-7.1.3.2/lib/rails/templates/rails/welcome/index.html.erb (Duration: 0.0ms | Allocations: 13)
Completed 200 OK in 0ms (Views: 0.2ms | ActiveRecord: 0.0ms | Allocations: 212)


Started GET "/" for ::1 at 2024-03-27 13:42:52 +0700
  
ActionController::RoutingError (uninitialized constant HomeController):
  
Started GET "/" for ::1 at 2024-03-27 13:43:41 +0700
  
ActionController::RoutingError (uninitialized constant HomeController):
  
Started GET "/" for ::1 at 2024-03-27 13:43:42 +0700
  
ActionController::RoutingError (uninitialized constant HomeController):
  
Started GET "/" for ::1 at 2024-03-27 13:43:51 +0700
  
ActionController::RoutingError (uninitialized constant HomeController):
  
Started GET "/" for ::1 at 2024-03-27 13:44:47 +0700
  [1m[36mActiveRecord::SchemaMigration Load (0.1ms)[0m  [1m[34mSELECT "schema_migrations"."version" FROM "schema_migrations" ORDER BY "schema_migrations"."version" ASC[0m
  
ActionController::RoutingError (uninitialized constant HomeController):
  
Started GET "/" for ::1 at 2024-03-27 13:46:29 +0700
  
ActionController::RoutingError (uninitialized constant HomeController):
  
Started GET "/" for ::1 at 2024-03-27 13:50:01 +0700
  
ActionController::RoutingError (uninitialized constant HomeController):
  
Started GET "/" for ::1 at 2024-03-27 13:51:13 +0700
  
ActionController::RoutingError (uninitialized constant HomeController):
  
Started GET "/" for ::1 at 2024-03-27 13:51:14 +0700
  
ActionController::RoutingError (uninitialized constant HomeController):
  
Started GET "/" for ::1 at 2024-03-27 13:51:20 +0700
  [1m[36mActiveRecord::SchemaMigration Load (0.1ms)[0m  [1m[34mSELECT "schema_migrations"."version" FROM "schema_migrations" ORDER BY "schema_migrations"."version" ASC[0m
Processing by HomeController#index as HTML
  Rendering layout layouts/application.html.erb
  Rendering home/index.html.erb within layouts/application
  Rendered home/index.html.erb within layouts/application (Duration: 1.0ms | Allocations: 1537)
  Rendered layout layouts/application.html.erb (Duration: 1.2ms | Allocations: 1663)
Completed 500 Internal Server Error in 7ms (ActiveRecord: 0.0ms | Allocations: 5973)


  
ActionView::Template::Error (undefined method `application_name' for #<Rails::Application::Configuration:0x0000000000bbf8>):
    1: <h1>Welcome to <%= Rails.configuration.application_name %>!</h1>
    2: <p class="lead">Use this document as a way to quickly start any new project by generating files, installing gems, and more. </p>
  
app/views/home/index.html.erb:1
Started GET "/" for ::1 at 2024-03-27 13:58:44 +0700
Processing by HomeController#index as HTML
  Rendering layout layouts/application.html.erb
  Rendering home/index.html.erb within layouts/application
  Rendered home/index.html.erb within layouts/application (Duration: 0.2ms | Allocations: 123)
  Rendered layout layouts/application.html.erb (Duration: 117.3ms | Allocations: 91388)
Completed 200 OK in 119ms (Views: 118.3ms | ActiveRecord: 0.0ms | Allocations: 92358)


Started GET "/" for ::1 at 2024-03-27 13:58:53 +0700
Processing by HomeController#index as HTML
  Rendering layout layouts/application.html.erb
  Rendering home/index.html.erb within layouts/application
  Rendered home/index.html.erb within layouts/application (Duration: 0.1ms | Allocations: 119)
  Rendered layout layouts/application.html.erb (Duration: 32.6ms | Allocations: 17187)
Completed 200 OK in 34ms (Views: 33.3ms | ActiveRecord: 0.0ms | Allocations: 18116)


Started GET "/" for ::1 at 2024-03-27 13:58:54 +0700
Processing by HomeController#index as HTML
  Rendering layout layouts/application.html.erb
  Rendering home/index.html.erb within layouts/application
  Rendered home/index.html.erb within layouts/application (Duration: 0.1ms | Allocations: 8)
  Rendered layout layouts/application.html.erb (Duration: 3.2ms | Allocations: 1295)
Completed 200 OK in 5ms (Views: 4.0ms | ActiveRecord: 0.0ms | Allocations: 1551)


Started GET "/" for ::1 at 2024-03-27 13:59:46 +0700
Processing by HomeController#index as HTML
  Rendering layout layouts/application.html.erb
  Rendering home/index.html.erb within layouts/application
  Rendered home/index.html.erb within layouts/application (Duration: 0.1ms | Allocations: 117)
  Rendered layout layouts/application.html.erb (Duration: 7.0ms | Allocations: 15544)
Completed 500 Internal Server Error in 8ms (ActiveRecord: 0.0ms | Allocations: 16450)


  
ActionView::Template::Error (undefined method `partial' for #<ActionView::Base:0x000000000181c8>):
    15:   </head>
    16: 
    17:   <body>
    18:     <%= render partial 'header' %>
    19:     <br/>
    20:     <div class="container">
    21:       <%= yield %>
  
app/views/layouts/application.html.erb:18
Started GET "/" for ::1 at 2024-03-27 13:59:52 +0700
Processing by HomeController#index as HTML
  Rendering layout layouts/application.html.erb
  Rendering home/index.html.erb within layouts/application
  Rendered home/index.html.erb within layouts/application (Duration: 0.1ms | Allocations: 115)
  Rendered home/_header.html.erb (Duration: 1.0ms | Allocations: 613)
  Rendered layout layouts/application.html.erb (Duration: 6.8ms | Allocations: 15394)
Completed 200 OK in 8ms (Views: 7.4ms | ActiveRecord: 0.0ms | Allocations: 16320)


